New log file opened at Thu Apr 07 19:59:32 KST 2016 by 7584@HCLEE-PC
Sending msg to client activator-1bb599aa-21f5-4bec-93b3-02de3f42d115: TaskLogEvent(1465,LogMessage(debug,All initially invalidated sources: Set(D:\My Sources\Play\json\target\scala-2.11\routes\main\controllers\ReverseRoutes.scala, D:\My Sources\Play\json\target\scala-2.11\routes\main\router\RoutesPrefix.scala, D:\My Sources\Play\json\target\scala-2.11\routes\main\controllers\routes.java, D:\My Sources\Play\json\app\controllers\Products.scala, D:\My Sources\Play\json\target\scala-2.11\routes\main\controllers\javascript\JavaScriptReverseRoutes.scala, D:\My Sources\Play\json\app\models\Product.scala, D:\My Sources\Play\json\target\scala-2.11\twirl\main\views\html\index.template.scala, D:\My Sources\Play\json\target\scala-2.11\routes\main\router\Routes.scala, D:\My Sources\Play\json\app\controllers\Application.scala)
))
Sending msg to client activator-1bb599aa-21f5-4bec-93b3-02de3f42d115: TaskLogEvent(1465,LogMessage(debug,Recompiling all 9 sources: invalidated sources (9) exceeded 50.0% of all sources))
Sending msg to client activator-1bb599aa-21f5-4bec-93b3-02de3f42d115: TaskLogEvent(1465,LogMessage(info,Read from stdout: Compiling 8 Scala sources and 1 Java source to D:\My Sources\Play\json\target\scala-2.11\classes...))
Sending msg to client activator-1bb599aa-21f5-4bec-93b3-02de3f42d115: TaskLogEvent(1465,LogMessage(info,Compiling 8 Scala sources and 1 Java source to D:\My Sources\Play\json\target\scala-2.11\classes...))
Sending msg to client activator-1bb599aa-21f5-4bec-93b3-02de3f42d115: TaskLogEvent(1465,LogMessage(debug,Getting compiler-interface from component compiler for Scala 2.11.7))
Sending msg to client activator-1bb599aa-21f5-4bec-93b3-02de3f42d115: BackgroundJobLogEvent(1,LogMessage(info,Compiling 8 Scala sources and 1 Java source to D:\My Sources\Play\json\target\scala-2.11\classes...))
Sending msg to client activator-1bb599aa-21f5-4bec-93b3-02de3f42d115: TaskLogEvent(1465,LogMessage(debug,Other repositories:))
Sending msg to client activator-1bb599aa-21f5-4bec-93b3-02de3f42d115: TaskLogEvent(1465,LogMessage(debug,Default repositories:))
Sending msg to client activator-1bb599aa-21f5-4bec-93b3-02de3f42d115: TaskLogEvent(1465,LogMessage(debug,Getting compiler-interface from component compiler for Scala 2.11.7))
Sending msg to client activator-1bb599aa-21f5-4bec-93b3-02de3f42d115: TaskLogEvent(1465,LogMessage(debug,Other repositories:))
Sending msg to client activator-1bb599aa-21f5-4bec-93b3-02de3f42d115: TaskLogEvent(1465,LogMessage(debug,Default repositories:))
Sending msg to client activator-1bb599aa-21f5-4bec-93b3-02de3f42d115: TaskLogEvent(1465,LogMessage(debug,Running cached compiler 3005276a, interfacing (CompilerInterface) with Scala compiler version 2.11.7))
Sending msg to client activator-1bb599aa-21f5-4bec-93b3-02de3f42d115: TaskLogEvent(1465,LogMessage(debug,Calling Scala compiler with arguments  (CompilerInterface):
	-deprecation
	-unchecked
	-encoding
	utf8
	-bootclasspath
	C:\Program Files\Java\jdk1.8.0_77\jre\lib\resources.jar;C:\Program Files\Java\jdk1.8.0_77\jre\lib\rt.jar;C:\Program Files\Java\jdk1.8.0_77\jre\lib\sunrsasign.jar;C:\Program Files\Java\jdk1.8.0_77\jre\lib\jsse.jar;C:\Program Files\Java\jdk1.8.0_77\jre\lib\jce.jar;C:\Program Files\Java\jdk1.8.0_77\jre\lib\charsets.jar;C:\Program Files\Java\jdk1.8.0_77\jre\lib\jfr.jar;C:\Program Files\Java\jdk1.8.0_77\jre\classes;C:\Users\bast\.ivy2\cache\org.scala-lang\scala-library\jars\scala-library-2.11.7.jar
	-classpath
	D:\My Sources\Play\json\target\scala-2.11\classes;C:\Users\bast\.ivy2\cache\com.typesafe.play\twirl-api_2.11\jars\twirl-api_2.11-1.1.1.jar;D:\DevIDE\activator-dist-1.3.9\repository\org.apache.commons\commons-lang3\3.4\jars\commons-lang3.jar;C:\Users\bast\.ivy2\cache\org.scala-lang.modules\scala-xml_2.11\bundles\scala-xml_2.11-1.0.1.jar;C:\Users\bast\.ivy2\cache\com.typesafe.play\play-server_2.11\jars\play-server_2.11-2.5.1.jar;C:\Users\bast\.ivy2\cache\com.typesafe.play\play_2.11\jars\play_2.11-2.5.1.jar;C:\Users\bast\.ivy2\cache\com.typesafe.play\build-link\jars\build-link-2.5.1.jar;C:\Users\bast\.ivy2\cache\com.typesafe.play\play-exceptions\jars\play-exceptions-2.5.1.jar;C:\Users\bast\.ivy2\cache\com.typesafe.play\play-iteratees_2.11\jars\play-iteratees_2.11-2.5.1.jar;C:\Users\bast\.ivy2\cache\org.scala-stm\scala-stm_2.11\jars\scala-stm_2.11-0.7.jar;D:\DevIDE\activator-dist-1.3.9\repository\com.typesafe\config\1.3.0\bundles\config.jar;C:\Users\bast\.ivy2\cache\com.typesafe.play\play-json_2.11\jars\play-json_2.11-2.5.1.jar;C:\Users\bast\.ivy2\cache\com.typesafe.play\play-functional_2.11\jars\play-functional_2.11-2.5.1.jar;C:\Users\bast\.ivy2\cache\com.typesafe.play\play-datacommons_2.11\jars\play-datacommons_2.11-2.5.1.jar;C:\Users\bast\.ivy2\cache\joda-time\joda-time\jars\joda-time-2.9.2.jar;C:\Users\bast\.ivy2\cache\org.joda\joda-convert\jars\joda-convert-1.8.1.jar;C:\Users\bast\.ivy2\cache\org.scala-lang\scala-reflect\jars\scala-reflect-2.11.7.jar;C:\Users\bast\.ivy2\cache\com.fasterxml.jackson.core\jackson-core\bundles\jackson-core-2.7.1.jar;C:\Users\bast\.ivy2\cache\com.fasterxml.jackson.core\jackson-annotations\bundles\jackson-annotations-2.7.1.jar;C:\Users\bast\.ivy2\cache\com.fasterxml.jackson.core\jackson-databind\bundles\jackson-databind-2.7.1.jar;C:\Users\bast\.ivy2\cache\com.fasterxml.jackson.datatype\jackson-datatype-jdk8\bundles\jackson-datatype-jdk8-2.7.1.jar;C:\Users\bast\.ivy2\cache\com.fasterxml.jackson.datatype\jackson-datatype-jsr310\bundles\jackson-datatype-jsr310-2.7.1.jar;C:\Users\bast\.ivy2\cache\com.typesafe.play\play-netty-utils\jars\play-netty-utils-2.5.1.jar;C:\Users\bast\.ivy2\cache\org.slf4j\slf4j-api\jars\slf4j-api-1.7.16.jar;C:\Users\bast\.ivy2\cache\org.slf4j\jul-to-slf4j\jars\jul-to-slf4j-1.7.16.jar;C:\Users\bast\.ivy2\cache\org.slf4j\jcl-over-slf4j\jars\jcl-over-slf4j-1.7.16.jar;C:\Users\bast\.ivy2\cache\com.typesafe.play\play-streams_2.11\jars\play-streams_2.11-2.5.1.jar;C:\Users\bast\.ivy2\cache\org.reactivestreams\reactive-streams\jars\reactive-streams-1.0.0.jar;C:\Users\bast\.ivy2\cache\com.typesafe.akka\akka-stream_2.11\jars\akka-stream_2.11-2.4.2.jar;C:\Users\bast\.ivy2\cache\com.typesafe.akka\akka-actor_2.11\jars\akka-actor_2.11-2.4.2.jar;C:\Users\bast\.ivy2\cache\org.scala-lang.modules\scala-java8-compat_2.11\bundles\scala-java8-compat_2.11-0.7.0.jar;C:\Users\bast\.ivy2\cache\com.typesafe\ssl-config-akka_2.11\bundles\ssl-config-akka_2.11-0.1.3.jar;C:\Users\bast\.ivy2\cache\com.typesafe\ssl-config-core_2.11\bundles\ssl-config-core_2.11-0.1.3.jar;C:\Users\bast\.ivy2\cache\org.scala-lang.modules\scala-parser-combinators_2.11\bundles\scala-parser-combinators_2.11-1.0.4.jar;C:\Users\bast\.ivy2\cache\com.typesafe.akka\akka-slf4j_2.11\jars\akka-slf4j_2.11-2.4.2.jar;C:\Users\bast\.ivy2\cache\commons-codec\commons-codec\jars\commons-codec-1.10.jar;C:\Users\bast\.ivy2\cache\xerces\xercesImpl\jars\xercesImpl-2.11.0.jar;C:\Users\bast\.ivy2\cache\xml-apis\xml-apis\jars\xml-apis-1.4.01.jar;C:\Users\bast\.ivy2\cache\javax.transaction\jta\jars\jta-1.1.jar;C:\Users\bast\.ivy2\cache\com.google.inject\guice\jars\guice-4.0.jar;D:\DevIDE\activator-dist-1.3.9\repository\javax.inject\javax.inject\1\jars\javax.inject.jar;D:\DevIDE\activator-dist-1.3.9\repository\aopalliance\aopalliance\1.0\jars\aopalliance.jar;C:\Users\bast\.ivy2\cache\com.google.inject.extensions\guice-assistedinject\jars\guice-assistedinject-4.0.jar;C:\Users\bast\.ivy2\cache\com.typesafe.play\play-netty-server_2.11\jars\play-netty-server_2.11-2.5.1.jar;C:\Users\bast\.ivy2\cache\com.typesafe.netty\netty-reactive-streams-http\jars\netty-reactive-streams-http-1.0.5.jar;C:\Users\bast\.ivy2\cache\com.typesafe.netty\netty-reactive-streams\jars\netty-reactive-streams-1.0.5.jar;C:\Users\bast\.ivy2\cache\io.netty\netty-handler\jars\netty-handler-4.0.34.Final.jar;C:\Users\bast\.ivy2\cache\io.netty\netty-buffer\jars\netty-buffer-4.0.34.Final.jar;C:\Users\bast\.ivy2\cache\io.netty\netty-common\jars\netty-common-4.0.34.Final.jar;C:\Users\bast\.ivy2\cache\io.netty\netty-transport\jars\netty-transport-4.0.34.Final.jar;C:\Users\bast\.ivy2\cache\io.netty\netty-codec\jars\netty-codec-4.0.34.Final.jar;C:\Users\bast\.ivy2\cache\io.netty\netty-codec-http\jars\netty-codec-http-4.0.34.Final.jar;C:\Users\bast\.ivy2\cache\io.netty\netty-transport-native-epoll\jars\netty-transport-native-epoll-4.0.34.Final-linux-x86_64.jar;C:\Users\bast\.ivy2\cache\com.typesafe.play\play-logback_2.11\jars\play-logback_2.11-2.5.1.jar;C:\Users\bast\.ivy2\cache\ch.qos.logback\logback-core\jars\logback-core-1.1.4.jar;C:\Users\bast\.ivy2\cache\ch.qos.logback\logback-classic\jars\logback-classic-1.1.4.jar;C:\Users\bast\.ivy2\cache\com.typesafe.play\play-jdbc_2.11\jars\play-jdbc_2.11-2.5.1.jar;C:\Users\bast\.ivy2\cache\com.typesafe.play\play-jdbc-api_2.11\jars\play-jdbc-api_2.11-2.5.1.jar;C:\Users\bast\.ivy2\cache\com.jolbox\bonecp\bundles\bonecp-0.8.0.RELEASE.jar;C:\Users\bast\.ivy2\cache\com.zaxxer\HikariCP\bundles\HikariCP-2.4.3.jar;C:\Users\bast\.ivy2\cache\com.googlecode.usc\jdbcdslog\jars\jdbcdslog-1.0.6.2.jar;C:\Users\bast\.ivy2\cache\com.h2database\h2\jars\h2-1.4.191.jar;C:\Users\bast\.ivy2\cache\tyrex\tyrex\jars\tyrex-1.0.1.jar;C:\Users\bast\.ivy2\cache\com.typesafe.play\play-cache_2.11\jars\play-cache_2.11-2.5.1.jar;C:\Users\bast\.ivy2\cache\net.sf.ehcache\ehcache-core\jars\ehcache-core-2.6.11.jar;C:\Users\bast\.ivy2\cache\com.typesafe.play\play-ws_2.11\jars\play-ws_2.11-2.5.1.jar;C:\Users\bast\.ivy2\cache\com.google.guava\guava\bundles\guava-19.0.jar;C:\Users\bast\.ivy2\cache\org.asynchttpclient\async-http-client\jars\async-http-client-2.0.0-RC16.jar;C:\Users\bast\.ivy2\cache\org.asynchttpclient\netty-resolver-dns\jars\netty-resolver-dns-2.0.0-RC16.jar;C:\Users\bast\.ivy2\cache\org.asynchttpclient\netty-resolver\jars\netty-resolver-2.0.0-RC16.jar;C:\Users\bast\.ivy2\cache\org.asynchttpclient\netty-codec-dns\jars\netty-codec-dns-2.0.0-RC16.jar;C:\Users\bast\.ivy2\cache\org.javassist\javassist\bundles\javassist-3.20.0-GA.jar;C:\Users\bast\.ivy2\cache\oauth.signpost\signpost-core\jars\signpost-core-1.2.1.2.jar;C:\Users\bast\.ivy2\cache\oauth.signpost\signpost-commonshttp4\jars\signpost-commonshttp4-1.2.1.2.jar;C:\Users\bast\.ivy2\cache\org.apache.httpcomponents\httpcore\jars\httpcore-4.0.1.jar;C:\Users\bast\.ivy2\cache\org.apache.httpcomponents\httpclient\jars\httpclient-4.0.1.jar;C:\Users\bast\.ivy2\cache\commons-logging\commons-logging\jars\commons-logging-1.1.1.jar))
Sending msg to client activator-1bb599aa-21f5-4bec-93b3-02de3f42d115: TaskLogEvent(1465,LogMessage(debug,Scala compilation took 1.451554168 s))
Sending msg to client activator-1bb599aa-21f5-4bec-93b3-02de3f42d115: TaskLogEvent(1465,LogMessage(debug,Attempting to call com.sun.tools.javac.api.JavacTool@6558333e directly...))
Sending msg to client activator-1bb599aa-21f5-4bec-93b3-02de3f42d115: TaskLogEvent(1465,LogMessage(debug,Java compilation took 0.093139559 s))
Sending msg to client activator-1bb599aa-21f5-4bec-93b3-02de3f42d115: TaskLogEvent(1465,LogMessage(debug,Java analysis took 0.009136424 s))
Sending msg to client activator-1bb599aa-21f5-4bec-93b3-02de3f42d115: TaskLogEvent(1465,LogMessage(debug,Java compile + analysis took 0.106473236 s))
Sending msg to client activator-1bb599aa-21f5-4bec-93b3-02de3f42d115: TaskLogEvent(1465,LogMessage(debug,New invalidations:
	Set()))
Sending msg to client activator-1bb599aa-21f5-4bec-93b3-02de3f42d115: TaskLogEvent(1465,LogMessage(debug,Initial set of included nodes: Set()))
Sending msg to client activator-1bb599aa-21f5-4bec-93b3-02de3f42d115: TaskLogEvent(1465,LogMessage(debug,Previously invalidated, but (transitively) depend on new invalidations:
	Set()))
Sending msg to client activator-1bb599aa-21f5-4bec-93b3-02de3f42d115: TaskLogEvent(1465,LogMessage(debug,All newly invalidated sources after taking into account (previously) recompiled sources:Set()))
Sending msg to client activator-1bb599aa-21f5-4bec-93b3-02de3f42d115: TaskFinished(15,1465,Some(AttributeKey[sbt.compiler.IC$Result]("compileIncremental") in Scope(Build: file:/D:/My%20Sources/Play/json/, , Project: ProjectReference(file:/D:/My%20Sources/Play/json/,json), Config: compile)),true,None)
Sending msg to client activator-1bb599aa-21f5-4bec-93b3-02de3f42d115: TaskStarted(15,1464,Some(AttributeKey[sbt.compiler.IC$Result]("manipulateBytecode") in Scope(Build: file:/D:/My%20Sources/Play/json/, , Project: ProjectReference(file:/D:/My%20Sources/Play/json/,json), Config: compile)))
Sending msg to client activator-1bb599aa-21f5-4bec-93b3-02de3f42d115: TaskFinished(15,1464,Some(AttributeKey[sbt.compiler.IC$Result]("manipulateBytecode") in Scope(Build: file:/D:/My%20Sources/Play/json/, , Project: ProjectReference(file:/D:/My%20Sources/Play/json/,json), Config: compile)),true,None)
Sending msg to client activator-1bb599aa-21f5-4bec-93b3-02de3f42d115: TaskStarted(15,1405,Some(AttributeKey[sbt.inc.Analysis]("compile") in Scope(Build: file:/D:/My%20Sources/Play/json/, , Project: ProjectReference(file:/D:/My%20Sources/Play/json/,json), Config: compile)))
Sending msg to client activator-1bb599aa-21f5-4bec-93b3-02de3f42d115: TaskFinished(15,1405,Some(AttributeKey[sbt.inc.Analysis]("compile") in Scope(Build: file:/D:/My%20Sources/Play/json/, , Project: ProjectReference(file:/D:/My%20Sources/Play/json/,json), Config: compile)),true,None)
Sending msg to client activator-1bb599aa-21f5-4bec-93b3-02de3f42d115: TaskStarted(15,1404,None)
Sending msg to client activator-1bb599aa-21f5-4bec-93b3-02de3f42d115: TaskStarted(15,1527,Some(AttributeKey[scala.collection.Seq[java.lang.String]]("discoveredMainClasses") in Scope(Build: file:/D:/My%20Sources/Play/json/, , Project: ProjectReference(file:/D:/My%20Sources/Play/json/,json), Config: compile)))
Sending msg to client activator-1bb599aa-21f5-4bec-93b3-02de3f42d115: TaskFinished(15,1404,None,true,None)
Sending msg to client activator-1bb599aa-21f5-4bec-93b3-02de3f42d115: TaskStarted(15,1403,None)
Sending msg to client activator-1bb599aa-21f5-4bec-93b3-02de3f42d115: TaskFinished(15,1403,None,true,None)
Sending msg to client activator-1bb599aa-21f5-4bec-93b3-02de3f42d115: TaskFinished(15,1527,Some(AttributeKey[scala.collection.Seq[java.lang.String]]("discoveredMainClasses") in Scope(Build: file:/D:/My%20Sources/Play/json/, , Project: ProjectReference(file:/D:/My%20Sources/Play/json/,json), Config: compile)),true,None)
Sending msg to client activator-1bb599aa-21f5-4bec-93b3-02de3f42d115: ValueChanged(AttributeKey[scala.collection.Seq[java.lang.String]]("discoveredMainClasses") in Scope(Build: file:/D:/My%20Sources/Play/json/, , Project: ProjectReference(file:/D:/My%20Sources/Play/json/,json), Config: compile),TaskSuccess(BuildValue(LazyValue(List(),scala.pickling.PicklerUnpickler$DelegatingPicklerUnpickler@77e27cd0),List())))
Sending msg to client activator-1bb599aa-21f5-4bec-93b3-02de3f42d115: DetachedLogEvent(LogMessage(debug,cancel strategy finish enabled=false lastCommand=Some(LastCommand(CommandExecutionWork(ExecutionId(15),compile,Set(LiveClient(activator 1bb599aa-21f5-4bec-93b3-02de3f42d115)),sbt.server.WorkCancellationStatus$$anon$1@5147150)))))
Sending msg to client activator-1bb599aa-21f5-4bec-93b3-02de3f42d115: DetachedLogEvent(LogSuccess(Total time: 2 s, completed 2016. 4. 7 오후 7:59:34))
Sending msg to client activator-1bb599aa-21f5-4bec-93b3-02de3f42d115: DetachedLogEvent(LogMessage(debug,> server-post-command-cleanup))
Sending msg to client activator-1bb599aa-21f5-4bec-93b3-02de3f42d115: ExecutionSuccess(15)
Sending msg to client activator-1bb599aa-21f5-4bec-93b3-02de3f42d115: DetachedLogEvent(LogMessage(debug,> server-handle-next-server-request))
Client activator-1bb599aa-21f5-4bec-93b3-02de3f42d115 closed, java.net.SocketException: Connection reset, shutting down
Stopping client.
Client activator-1bb599aa-21f5-4bec-93b3-02de3f42d115 thread exiting.
Dropping message (0,ReceivedResponse()) to dead client activator-1bb599aa-21f5-4bec-93b3-02de3f42d115
