New log file opened at Thu Apr 07 19:39:13 KST 2016 by 7584@HCLEE-PC
Taking next connection to: 51405
New client attempting to connect on port: 51406-51405
  Address = /192.168.131.1:51405
This client on port 51406 has uuid 1bb599aa-21f5-4bec-93b3-02de3f42d115 configName activator humanReadableName Activator protocolVersion 3 featureTags Vector()
Connected Clients: activator-1bb599aa-21f5-4bec-93b3-02de3f42d115
Taking next connection to: 51405
New client attempting to connect on port: 51413-51405
  Address = /192.168.131.1:51405
Handshake exception on socket: 51413
sbt.impl.ipc.HandshakeException: Unable to perform handshake
	at sbt.impl.ipc.Peer.handshake(IPC.scala:46)
	at sbt.impl.ipc.MultiClientServer.<init>(IPC.scala:150)
	at sbt.server.SbtServerSocketHandler$$anon$1.run(SbtServerSocketHandler.scala:43)
Caused by: java.net.SocketException: Software caused connection abort: recv failed
	at java.net.SocketInputStream.socketRead0(Native Method)
	at java.net.SocketInputStream.socketRead(SocketInputStream.java:116)
	at java.net.SocketInputStream.read(SocketInputStream.java:170)
	at java.net.SocketInputStream.read(SocketInputStream.java:141)
	at java.io.BufferedInputStream.fill(BufferedInputStream.java:246)
	at java.io.BufferedInputStream.read(BufferedInputStream.java:265)
	at java.io.DataInputStream.readInt(DataInputStream.java:387)
	at sbt.impl.ipc.Peer.receive(IPC.scala:95)
	at sbt.impl.ipc.Peer.handshake(IPC.scala:49)
	... 2 more
Taking next connection to: 51405
New client attempting to connect on port: 51415-51405
  Address = /192.168.131.1:51405
This client on port 51415 has uuid 0edc9de3-c32f-4c08-8d0b-8f9edbcba5e7 configName play-fork-run humanReadableName Play Fork Run protocolVersion 1 featureTags Vector()
Connected Clients: activator-1bb599aa-21f5-4bec-93b3-02de3f42d115, play-fork-run-0edc9de3-c32f-4c08-8d0b-8f9edbcba5e7
Taking next connection to: 51405
New client attempting to connect on port: 51444-51405
  Address = /192.168.131.1:51405
Handshake exception on socket: 51444
sbt.impl.ipc.HandshakeException: Unable to perform handshake
	at sbt.impl.ipc.Peer.handshake(IPC.scala:46)
	at sbt.impl.ipc.MultiClientServer.<init>(IPC.scala:150)
	at sbt.server.SbtServerSocketHandler$$anon$1.run(SbtServerSocketHandler.scala:43)
Caused by: java.net.SocketException: Software caused connection abort: recv failed
	at java.net.SocketInputStream.socketRead0(Native Method)
	at java.net.SocketInputStream.socketRead(SocketInputStream.java:116)
	at java.net.SocketInputStream.read(SocketInputStream.java:170)
	at java.net.SocketInputStream.read(SocketInputStream.java:141)
	at java.io.BufferedInputStream.fill(BufferedInputStream.java:246)
	at java.io.BufferedInputStream.read(BufferedInputStream.java:265)
	at java.io.DataInputStream.readInt(DataInputStream.java:387)
	at sbt.impl.ipc.Peer.receive(IPC.scala:95)
	at sbt.impl.ipc.Peer.handshake(IPC.scala:49)
	... 2 more
Taking next connection to: 51405
New client attempting to connect on port: 51446-51405
  Address = /192.168.131.1:51405
This client on port 51446 has uuid f70f4582-2899-43f8-9eda-c54758cf2d9c configName play-fork-run humanReadableName Play Fork Run protocolVersion 1 featureTags Vector()
Connected Clients: activator-1bb599aa-21f5-4bec-93b3-02de3f42d115, play-fork-run-f70f4582-2899-43f8-9eda-c54758cf2d9c
Taking next connection to: 51405
Checking to see if clients are empty...
We have 1 non-daemon clients, continuing serving connections.
Taking next connection to: 51405
Checking to see if clients are empty...
We have 1 non-daemon clients, continuing serving connections.
Taking next connection to: 51405
Checking to see if clients are empty...
We have 1 non-daemon clients, continuing serving connections.
Taking next connection to: 51405
Checking to see if clients are empty...
We have 1 non-daemon clients, continuing serving connections.
Taking next connection to: 51405
Checking to see if clients are empty...
We have 1 non-daemon clients, continuing serving connections.
Taking next connection to: 51405
Checking to see if clients are empty...
We have 1 non-daemon clients, continuing serving connections.
Taking next connection to: 51405
Checking to see if clients are empty...
We have 1 non-daemon clients, continuing serving connections.
Taking next connection to: 51405
Checking to see if clients are empty...
We have 1 non-daemon clients, continuing serving connections.
Taking next connection to: 51405
Checking to see if clients are empty...
No non-daemon clients connected after 3 min. Shutting down.
1 daemon clients are connected.
Server socket thread exiting.
1 clients open, will close them...
All client sockets have been closed.
Closing the 7584@HCLEE-PC logs at Thu Apr 07 20:10:28 KST 2016, goodbye.
